{"C:\\projects\\node\\todo-app\\app.js": {"path":"C:\\projects\\node\\todo-app\\app.js","statementMap":{"0":{"start":{"line":11,"column":12},"end":{"line":11,"column":21}},"1":{"start":{"line":12,"column":13},"end":{"line":12,"column":17}},"2":{"start":{"line":13,"column":0},"end":{"line":13,"column":16}},"3":{"start":{"line":15,"column":0},"end":{"line":15,"column":24}},"4":{"start":{"line":16,"column":0},"end":{"line":16,"column":27}},"5":{"start":{"line":17,"column":0},"end":{"line":17,"column":48}},"6":{"start":{"line":18,"column":0},"end":{"line":24,"column":2}},"7":{"start":{"line":25,"column":0},"end":{"line":25,"column":16}},"8":{"start":{"line":26,"column":14},"end":{"line":26,"column":23}},"9":{"start":{"line":27,"column":0},"end":{"line":33,"column":3}},"10":{"start":{"line":29,"column":4},"end":{"line":29,"column":33}},"11":{"start":{"line":30,"column":4},"end":{"line":30,"column":11}},"12":{"start":{"line":35,"column":0},"end":{"line":35,"column":37}},"13":{"start":{"line":36,"column":0},"end":{"line":36,"column":38}},"14":{"start":{"line":37,"column":0},"end":{"line":37,"column":38}},"15":{"start":{"line":38,"column":0},"end":{"line":44,"column":3}},"16":{"start":{"line":39,"column":2},"end":{"line":39,"column":19}},"17":{"start":{"line":40,"column":2},"end":{"line":42,"column":3}},"18":{"start":{"line":41,"column":4},"end":{"line":41,"column":21}},"19":{"start":{"line":43,"column":2},"end":{"line":43,"column":28}}},"fnMap":{"0":{"name":"(anonymous_0)","decl":{"start":{"line":28,"column":2},"end":{"line":28,"column":3}},"loc":{"start":{"line":28,"column":22},"end":{"line":31,"column":3}},"line":28},"1":{"name":"(anonymous_1)","decl":{"start":{"line":38,"column":8},"end":{"line":38,"column":9}},"loc":{"start":{"line":38,"column":33},"end":{"line":44,"column":1}},"line":38}},"branchMap":{"0":{"loc":{"start":{"line":40,"column":2},"end":{"line":42,"column":3}},"type":"if","locations":[{"start":{"line":40,"column":2},"end":{"line":42,"column":3}},{"start":{},"end":{}}],"line":40}},"s":{"0":1,"1":1,"2":1,"3":1,"4":1,"5":1,"6":1,"7":1,"8":1,"9":1,"10":7,"11":7,"12":1,"13":1,"14":1,"15":1,"16":0,"17":0,"18":0,"19":0},"f":{"0":7,"1":0},"b":{"0":[0,0]},"_coverageSchema":"1a1c01bbd47fc00a2c39e90264f33305004495a9","hash":"ac25564f15885af7f5abcb7fdf9be31548300215"}
,"C:\\projects\\node\\todo-app\\src\\constants.js": {"path":"C:\\projects\\node\\todo-app\\src\\constants.js","statementMap":{"0":{"start":{"line":1,"column":18},"end":{"line":29,"column":1}}},"fnMap":{},"branchMap":{},"s":{"0":1},"f":{},"b":{},"_coverageSchema":"1a1c01bbd47fc00a2c39e90264f33305004495a9","hash":"d9e075a2e0ddcf66e80f9ca3d2ef37549ce6ad1c"}
,"C:\\projects\\node\\todo-app\\src\\controllers\\post\\postController.js": {"path":"C:\\projects\\node\\todo-app\\src\\controllers\\post\\postController.js","statementMap":{"0":{"start":{"line":12,"column":19},"end":{"line":33,"column":1}},"1":{"start":{"line":13,"column":2},"end":{"line":32,"column":3}},"2":{"start":{"line":14,"column":4},"end":{"line":14,"column":42}},"3":{"start":{"line":15,"column":17},"end":{"line":15,"column":28}},"4":{"start":{"line":16,"column":28},"end":{"line":16,"column":36}},"5":{"start":{"line":17,"column":4},"end":{"line":19,"column":5}},"6":{"start":{"line":18,"column":6},"end":{"line":18,"column":74}},"7":{"start":{"line":20,"column":4},"end":{"line":22,"column":5}},"8":{"start":{"line":21,"column":6},"end":{"line":21,"column":73}},"9":{"start":{"line":23,"column":4},"end":{"line":23,"column":23}},"10":{"start":{"line":24,"column":4},"end":{"line":24,"column":21}},"11":{"start":{"line":25,"column":4},"end":{"line":25,"column":29}},"12":{"start":{"line":26,"column":4},"end":{"line":26,"column":28}},"13":{"start":{"line":27,"column":4},"end":{"line":27,"column":34}},"14":{"start":{"line":28,"column":4},"end":{"line":28,"column":65}},"15":{"start":{"line":30,"column":4},"end":{"line":30,"column":53}},"16":{"start":{"line":31,"column":4},"end":{"line":31,"column":21}},"17":{"start":{"line":35,"column":17},"end":{"line":56,"column":1}},"18":{"start":{"line":36,"column":2},"end":{"line":55,"column":3}},"19":{"start":{"line":37,"column":4},"end":{"line":37,"column":29}},"20":{"start":{"line":38,"column":4},"end":{"line":38,"column":40}},"21":{"start":{"line":39,"column":24},"end":{"line":39,"column":41}},"22":{"start":{"line":40,"column":19},"end":{"line":40,"column":36}},"23":{"start":{"line":41,"column":26},"end":{"line":41,"column":28}},"24":{"start":{"line":42,"column":4},"end":{"line":46,"column":5}},"25":{"start":{"line":43,"column":6},"end":{"line":43,"column":68}},"26":{"start":{"line":45,"column":6},"end":{"line":45,"column":67}},"27":{"start":{"line":47,"column":4},"end":{"line":49,"column":5}},"28":{"start":{"line":48,"column":6},"end":{"line":48,"column":60}},"29":{"start":{"line":50,"column":18},"end":{"line":50,"column":65}},"30":{"start":{"line":51,"column":4},"end":{"line":51,"column":30}},"31":{"start":{"line":52,"column":4},"end":{"line":52,"column":51}},"32":{"start":{"line":54,"column":4},"end":{"line":54,"column":14}},"33":{"start":{"line":58,"column":19},"end":{"line":67,"column":1}},"34":{"start":{"line":59,"column":2},"end":{"line":66,"column":3}},"35":{"start":{"line":60,"column":4},"end":{"line":60,"column":31}},"36":{"start":{"line":61,"column":23},"end":{"line":61,"column":33}},"37":{"start":{"line":62,"column":19},"end":{"line":62,"column":50}},"38":{"start":{"line":63,"column":4},"end":{"line":63,"column":66}},"39":{"start":{"line":65,"column":4},"end":{"line":65,"column":14}},"40":{"start":{"line":69,"column":19},"end":{"line":79,"column":1}},"41":{"start":{"line":70,"column":2},"end":{"line":78,"column":3}},"42":{"start":{"line":71,"column":4},"end":{"line":71,"column":31}},"43":{"start":{"line":72,"column":23},"end":{"line":72,"column":33}},"44":{"start":{"line":73,"column":19},"end":{"line":73,"column":60}},"45":{"start":{"line":74,"column":4},"end":{"line":74,"column":66}},"46":{"start":{"line":75,"column":4},"end":{"line":75,"column":11}},"47":{"start":{"line":77,"column":4},"end":{"line":77,"column":14}},"48":{"start":{"line":81,"column":19},"end":{"line":106,"column":1}},"49":{"start":{"line":82,"column":2},"end":{"line":105,"column":3}},"50":{"start":{"line":83,"column":4},"end":{"line":83,"column":31}},"51":{"start":{"line":84,"column":23},"end":{"line":84,"column":33}},"52":{"start":{"line":85,"column":17},"end":{"line":85,"column":53}},"53":{"start":{"line":86,"column":4},"end":{"line":90,"column":5}},"54":{"start":{"line":87,"column":6},"end":{"line":89,"column":63}},"55":{"start":{"line":91,"column":21},"end":{"line":91,"column":29}},"56":{"start":{"line":92,"column":4},"end":{"line":94,"column":5}},"57":{"start":{"line":93,"column":6},"end":{"line":93,"column":67}},"58":{"start":{"line":95,"column":20},"end":{"line":95,"column":33}},"59":{"start":{"line":96,"column":4},"end":{"line":96,"column":28}},"60":{"start":{"line":97,"column":4},"end":{"line":97,"column":32}},"61":{"start":{"line":98,"column":4},"end":{"line":98,"column":24}},"62":{"start":{"line":99,"column":4},"end":{"line":99,"column":29}},"63":{"start":{"line":100,"column":4},"end":{"line":100,"column":44}},"64":{"start":{"line":101,"column":4},"end":{"line":101,"column":56}},"65":{"start":{"line":103,"column":4},"end":{"line":103,"column":70}},"66":{"start":{"line":104,"column":4},"end":{"line":104,"column":14}},"67":{"start":{"line":108,"column":28},"end":{"line":115,"column":1}},"68":{"start":{"line":109,"column":2},"end":{"line":114,"column":3}},"69":{"start":{"line":110,"column":17},"end":{"line":110,"column":51}},"70":{"start":{"line":111,"column":4},"end":{"line":111,"column":23}},"71":{"start":{"line":113,"column":4},"end":{"line":113,"column":14}}},"fnMap":{"0":{"name":"(anonymous_0)","decl":{"start":{"line":12,"column":19},"end":{"line":12,"column":20}},"loc":{"start":{"line":12,"column":52},"end":{"line":33,"column":1}},"line":12},"1":{"name":"(anonymous_1)","decl":{"start":{"line":35,"column":17},"end":{"line":35,"column":18}},"loc":{"start":{"line":35,"column":49},"end":{"line":56,"column":1}},"line":35},"2":{"name":"(anonymous_2)","decl":{"start":{"line":58,"column":19},"end":{"line":58,"column":20}},"loc":{"start":{"line":58,"column":51},"end":{"line":67,"column":1}},"line":58},"3":{"name":"(anonymous_3)","decl":{"start":{"line":69,"column":19},"end":{"line":69,"column":20}},"loc":{"start":{"line":69,"column":51},"end":{"line":79,"column":1}},"line":69},"4":{"name":"(anonymous_4)","decl":{"start":{"line":81,"column":19},"end":{"line":81,"column":20}},"loc":{"start":{"line":81,"column":51},"end":{"line":106,"column":1}},"line":81},"5":{"name":"(anonymous_5)","decl":{"start":{"line":108,"column":28},"end":{"line":108,"column":29}},"loc":{"start":{"line":108,"column":60},"end":{"line":115,"column":1}},"line":108}},"branchMap":{"0":{"loc":{"start":{"line":17,"column":4},"end":{"line":19,"column":5}},"type":"if","locations":[{"start":{"line":17,"column":4},"end":{"line":19,"column":5}},{"start":{},"end":{}}],"line":17},"1":{"loc":{"start":{"line":20,"column":4},"end":{"line":22,"column":5}},"type":"if","locations":[{"start":{"line":20,"column":4},"end":{"line":22,"column":5}},{"start":{},"end":{}}],"line":20},"2":{"loc":{"start":{"line":42,"column":4},"end":{"line":46,"column":5}},"type":"if","locations":[{"start":{"line":42,"column":4},"end":{"line":46,"column":5}},{"start":{"line":44,"column":11},"end":{"line":46,"column":5}}],"line":42},"3":{"loc":{"start":{"line":47,"column":4},"end":{"line":49,"column":5}},"type":"if","locations":[{"start":{"line":47,"column":4},"end":{"line":49,"column":5}},{"start":{},"end":{}}],"line":47},"4":{"loc":{"start":{"line":86,"column":4},"end":{"line":90,"column":5}},"type":"if","locations":[{"start":{"line":86,"column":4},"end":{"line":90,"column":5}},{"start":{},"end":{}}],"line":86},"5":{"loc":{"start":{"line":92,"column":4},"end":{"line":94,"column":5}},"type":"if","locations":[{"start":{"line":92,"column":4},"end":{"line":94,"column":5}},{"start":{},"end":{}}],"line":92}},"s":{"0":1,"1":0,"2":0,"3":0,"4":0,"5":0,"6":0,"7":0,"8":0,"9":0,"10":0,"11":0,"12":0,"13":0,"14":0,"15":0,"16":0,"17":1,"18":0,"19":0,"20":0,"21":0,"22":0,"23":0,"24":0,"25":0,"26":0,"27":0,"28":0,"29":0,"30":0,"31":0,"32":0,"33":1,"34":0,"35":0,"36":0,"37":0,"38":0,"39":0,"40":1,"41":0,"42":0,"43":0,"44":0,"45":0,"46":0,"47":0,"48":1,"49":0,"50":0,"51":0,"52":0,"53":0,"54":0,"55":0,"56":0,"57":0,"58":0,"59":0,"60":0,"61":0,"62":0,"63":0,"64":0,"65":0,"66":0,"67":1,"68":0,"69":0,"70":0,"71":0},"f":{"0":0,"1":0,"2":0,"3":0,"4":0,"5":0},"b":{"0":[0,0],"1":[0,0],"2":[0,0],"3":[0,0],"4":[0,0],"5":[0,0]},"_coverageSchema":"1a1c01bbd47fc00a2c39e90264f33305004495a9","hash":"e0d3a2b069839df0192a09e4754ea1a8233ce8ef"}
,"C:\\projects\\node\\todo-app\\src\\controllers\\todos\\todosController.js": {"path":"C:\\projects\\node\\todo-app\\src\\controllers\\todos\\todosController.js","statementMap":{"0":{"start":{"line":10,"column":19},"end":{"line":24,"column":1}},"1":{"start":{"line":11,"column":2},"end":{"line":23,"column":3}},"2":{"start":{"line":12,"column":4},"end":{"line":12,"column":42}},"3":{"start":{"line":13,"column":17},"end":{"line":13,"column":28}},"4":{"start":{"line":14,"column":22},"end":{"line":14,"column":30}},"5":{"start":{"line":15,"column":4},"end":{"line":15,"column":23}},"6":{"start":{"line":16,"column":4},"end":{"line":16,"column":29}},"7":{"start":{"line":17,"column":4},"end":{"line":17,"column":28}},"8":{"start":{"line":18,"column":4},"end":{"line":18,"column":34}},"9":{"start":{"line":19,"column":4},"end":{"line":19,"column":65}},"10":{"start":{"line":21,"column":4},"end":{"line":21,"column":53}},"11":{"start":{"line":22,"column":4},"end":{"line":22,"column":21}},"12":{"start":{"line":26,"column":17},"end":{"line":53,"column":1}},"13":{"start":{"line":28,"column":2},"end":{"line":52,"column":3}},"14":{"start":{"line":29,"column":4},"end":{"line":29,"column":60}},"15":{"start":{"line":30,"column":24},"end":{"line":30,"column":41}},"16":{"start":{"line":31,"column":19},"end":{"line":31,"column":36}},"17":{"start":{"line":32,"column":26},"end":{"line":32,"column":36}},"18":{"start":{"line":33,"column":26},"end":{"line":33,"column":28}},"19":{"start":{"line":34,"column":4},"end":{"line":38,"column":5}},"20":{"start":{"line":35,"column":6},"end":{"line":35,"column":68}},"21":{"start":{"line":37,"column":6},"end":{"line":37,"column":67}},"22":{"start":{"line":39,"column":4},"end":{"line":41,"column":5}},"23":{"start":{"line":40,"column":6},"end":{"line":40,"column":67}},"24":{"start":{"line":42,"column":4},"end":{"line":44,"column":5}},"25":{"start":{"line":43,"column":6},"end":{"line":43,"column":69}},"26":{"start":{"line":46,"column":18},"end":{"line":46,"column":74}},"27":{"start":{"line":47,"column":4},"end":{"line":47,"column":61}},"28":{"start":{"line":47,"column":26},"end":{"line":47,"column":61}},"29":{"start":{"line":48,"column":4},"end":{"line":48,"column":30}},"30":{"start":{"line":49,"column":4},"end":{"line":49,"column":57}},"31":{"start":{"line":51,"column":4},"end":{"line":51,"column":14}},"32":{"start":{"line":55,"column":19},"end":{"line":63,"column":1}},"33":{"start":{"line":56,"column":2},"end":{"line":62,"column":3}},"34":{"start":{"line":57,"column":23},"end":{"line":57,"column":33}},"35":{"start":{"line":58,"column":19},"end":{"line":58,"column":50}},"36":{"start":{"line":59,"column":4},"end":{"line":59,"column":66}},"37":{"start":{"line":61,"column":4},"end":{"line":61,"column":14}},"38":{"start":{"line":65,"column":19},"end":{"line":74,"column":1}},"39":{"start":{"line":66,"column":2},"end":{"line":73,"column":3}},"40":{"start":{"line":67,"column":23},"end":{"line":67,"column":33}},"41":{"start":{"line":68,"column":19},"end":{"line":68,"column":60}},"42":{"start":{"line":69,"column":4},"end":{"line":69,"column":66}},"43":{"start":{"line":70,"column":4},"end":{"line":70,"column":11}},"44":{"start":{"line":72,"column":4},"end":{"line":72,"column":14}}},"fnMap":{"0":{"name":"(anonymous_0)","decl":{"start":{"line":10,"column":19},"end":{"line":10,"column":20}},"loc":{"start":{"line":10,"column":52},"end":{"line":24,"column":1}},"line":10},"1":{"name":"(anonymous_1)","decl":{"start":{"line":26,"column":17},"end":{"line":26,"column":18}},"loc":{"start":{"line":26,"column":49},"end":{"line":53,"column":1}},"line":26},"2":{"name":"(anonymous_2)","decl":{"start":{"line":55,"column":19},"end":{"line":55,"column":20}},"loc":{"start":{"line":55,"column":51},"end":{"line":63,"column":1}},"line":55},"3":{"name":"(anonymous_3)","decl":{"start":{"line":65,"column":19},"end":{"line":65,"column":20}},"loc":{"start":{"line":65,"column":51},"end":{"line":74,"column":1}},"line":65}},"branchMap":{"0":{"loc":{"start":{"line":34,"column":4},"end":{"line":38,"column":5}},"type":"if","locations":[{"start":{"line":34,"column":4},"end":{"line":38,"column":5}},{"start":{"line":36,"column":11},"end":{"line":38,"column":5}}],"line":34},"1":{"loc":{"start":{"line":39,"column":4},"end":{"line":41,"column":5}},"type":"if","locations":[{"start":{"line":39,"column":4},"end":{"line":41,"column":5}},{"start":{},"end":{}}],"line":39},"2":{"loc":{"start":{"line":42,"column":4},"end":{"line":44,"column":5}},"type":"if","locations":[{"start":{"line":42,"column":4},"end":{"line":44,"column":5}},{"start":{},"end":{}}],"line":42},"3":{"loc":{"start":{"line":47,"column":4},"end":{"line":47,"column":61}},"type":"if","locations":[{"start":{"line":47,"column":4},"end":{"line":47,"column":61}},{"start":{},"end":{}}],"line":47}},"s":{"0":1,"1":0,"2":0,"3":0,"4":0,"5":0,"6":0,"7":0,"8":0,"9":0,"10":0,"11":0,"12":1,"13":0,"14":0,"15":0,"16":0,"17":0,"18":0,"19":0,"20":0,"21":0,"22":0,"23":0,"24":0,"25":0,"26":0,"27":0,"28":0,"29":0,"30":0,"31":0,"32":1,"33":0,"34":0,"35":0,"36":0,"37":0,"38":1,"39":0,"40":0,"41":0,"42":0,"43":0,"44":0},"f":{"0":0,"1":0,"2":0,"3":0},"b":{"0":[0,0],"1":[0,0],"2":[0,0],"3":[0,0]},"_coverageSchema":"1a1c01bbd47fc00a2c39e90264f33305004495a9","hash":"9706fcfd63463b9c09b9517d9bd0f8ad8434b63c"}
,"C:\\projects\\node\\todo-app\\src\\controllers\\user\\userController.js": {"path":"C:\\projects\\node\\todo-app\\src\\controllers\\user\\userController.js","statementMap":{"0":{"start":{"line":5,"column":19},"end":{"line":16,"column":1}},"1":{"start":{"line":6,"column":2},"end":{"line":15,"column":3}},"2":{"start":{"line":7,"column":4},"end":{"line":7,"column":42}},"3":{"start":{"line":8,"column":17},"end":{"line":8,"column":27}},"4":{"start":{"line":9,"column":4},"end":{"line":9,"column":31}},"5":{"start":{"line":10,"column":4},"end":{"line":10,"column":34}},"6":{"start":{"line":11,"column":4},"end":{"line":11,"column":65}},"7":{"start":{"line":13,"column":4},"end":{"line":13,"column":53}},"8":{"start":{"line":14,"column":4},"end":{"line":14,"column":21}}},"fnMap":{"0":{"name":"(anonymous_0)","decl":{"start":{"line":5,"column":19},"end":{"line":5,"column":20}},"loc":{"start":{"line":5,"column":52},"end":{"line":16,"column":1}},"line":5}},"branchMap":{},"s":{"0":1,"1":0,"2":0,"3":0,"4":0,"5":0,"6":0,"7":0,"8":0},"f":{"0":0},"b":{},"_coverageSchema":"1a1c01bbd47fc00a2c39e90264f33305004495a9","hash":"549071bee1c035b67183d924b3fc65155d19d31e"}
,"C:\\projects\\node\\todo-app\\src\\db\\index.js": {"path":"C:\\projects\\node\\todo-app\\src\\db\\index.js","statementMap":{"0":{"start":{"line":2,"column":0},"end":{"line":2,"column":27}},"1":{"start":{"line":4,"column":2},"end":{"line":6,"column":38}},"2":{"start":{"line":8,"column":16},"end":{"line":12,"column":1}},"3":{"start":{"line":9,"column":2},"end":{"line":11,"column":5}},"4":{"start":{"line":10,"column":4},"end":{"line":10,"column":56}},"5":{"start":{"line":14,"column":19},"end":{"line":16,"column":1}},"6":{"start":{"line":15,"column":2},"end":{"line":15,"column":31}},"7":{"start":{"line":18,"column":14},"end":{"line":25,"column":1}},"8":{"start":{"line":19,"column":15},"end":{"line":19,"column":17}},"9":{"start":{"line":20,"column":2},"end":{"line":22,"column":5}},"10":{"start":{"line":21,"column":4},"end":{"line":21,"column":66}},"11":{"start":{"line":24,"column":2},"end":{"line":24,"column":31}},"12":{"start":{"line":27,"column":21},"end":{"line":31,"column":1}}},"fnMap":{"0":{"name":"(anonymous_0)","decl":{"start":{"line":8,"column":16},"end":{"line":8,"column":17}},"loc":{"start":{"line":8,"column":30},"end":{"line":12,"column":1}},"line":8},"1":{"name":"(anonymous_1)","decl":{"start":{"line":9,"column":33},"end":{"line":9,"column":34}},"loc":{"start":{"line":9,"column":39},"end":{"line":11,"column":3}},"line":9},"2":{"name":"(anonymous_2)","decl":{"start":{"line":14,"column":19},"end":{"line":14,"column":20}},"loc":{"start":{"line":14,"column":33},"end":{"line":16,"column":1}},"line":14},"3":{"name":"(anonymous_3)","decl":{"start":{"line":15,"column":21},"end":{"line":15,"column":22}},"loc":{"start":{"line":15,"column":27},"end":{"line":15,"column":29}},"line":15},"4":{"name":"(anonymous_4)","decl":{"start":{"line":18,"column":14},"end":{"line":18,"column":15}},"loc":{"start":{"line":18,"column":32},"end":{"line":25,"column":1}},"line":18},"5":{"name":"(anonymous_5)","decl":{"start":{"line":20,"column":27},"end":{"line":20,"column":28}},"loc":{"start":{"line":20,"column":53},"end":{"line":22,"column":3}},"line":20}},"branchMap":{"0":{"loc":{"start":{"line":4,"column":2},"end":{"line":6,"column":38}},"type":"cond-expr","locations":[{"start":{"line":5,"column":6},"end":{"line":5,"column":43}},{"start":{"line":6,"column":6},"end":{"line":6,"column":38}}],"line":4}},"s":{"0":1,"1":1,"2":1,"3":1,"4":1,"5":1,"6":1,"7":1,"8":1,"9":1,"10":4,"11":1,"12":1},"f":{"0":1,"1":1,"2":1,"3":0,"4":1,"5":4},"b":{"0":[1,0]},"_coverageSchema":"1a1c01bbd47fc00a2c39e90264f33305004495a9","hash":"1277377499c3bd477fdfa07abde7b0c313c545d7"}
,"C:\\projects\\node\\todo-app\\src\\middleware\\auth.js": {"path":"C:\\projects\\node\\todo-app\\src\\middleware\\auth.js","statementMap":{"0":{"start":{"line":5,"column":21},"end":{"line":47,"column":1}},"1":{"start":{"line":6,"column":2},"end":{"line":46,"column":18}},"2":{"start":{"line":7,"column":32},"end":{"line":7,"column":40}},"3":{"start":{"line":8,"column":4},"end":{"line":12,"column":5}},"4":{"start":{"line":9,"column":6},"end":{"line":11,"column":61}},"5":{"start":{"line":13,"column":4},"end":{"line":17,"column":5}},"6":{"start":{"line":14,"column":6},"end":{"line":16,"column":64}},"7":{"start":{"line":18,"column":17},"end":{"line":21,"column":6}},"8":{"start":{"line":22,"column":4},"end":{"line":45,"column":5}},"9":{"start":{"line":23,"column":6},"end":{"line":23,"column":36}},"10":{"start":{"line":24,"column":6},"end":{"line":39,"column":8}},"11":{"start":{"line":29,"column":10},"end":{"line":37,"column":11}},"12":{"start":{"line":30,"column":12},"end":{"line":30,"column":38}},"13":{"start":{"line":31,"column":12},"end":{"line":31,"column":59}},"14":{"start":{"line":33,"column":12},"end":{"line":35,"column":15}},"15":{"start":{"line":36,"column":12},"end":{"line":36,"column":22}},"16":{"start":{"line":41,"column":6},"end":{"line":43,"column":9}},"17":{"start":{"line":44,"column":6},"end":{"line":44,"column":16}},"18":{"start":{"line":49,"column":20},"end":{"line":65,"column":1}},"19":{"start":{"line":50,"column":16},"end":{"line":50,"column":33}},"20":{"start":{"line":51,"column":2},"end":{"line":53,"column":3}},"21":{"start":{"line":52,"column":4},"end":{"line":52,"column":79}},"22":{"start":{"line":54,"column":2},"end":{"line":64,"column":5}},"23":{"start":{"line":55,"column":4},"end":{"line":63,"column":5}},"24":{"start":{"line":56,"column":6},"end":{"line":56,"column":34}},"25":{"start":{"line":57,"column":6},"end":{"line":57,"column":13}},"26":{"start":{"line":59,"column":6},"end":{"line":59,"column":25}},"27":{"start":{"line":60,"column":6},"end":{"line":62,"column":9}},"28":{"start":{"line":67,"column":15},"end":{"line":100,"column":1}},"29":{"start":{"line":68,"column":2},"end":{"line":99,"column":3}},"30":{"start":{"line":69,"column":49},"end":{"line":69,"column":57}},"31":{"start":{"line":70,"column":4},"end":{"line":74,"column":5}},"32":{"start":{"line":71,"column":6},"end":{"line":73,"column":65}},"33":{"start":{"line":75,"column":4},"end":{"line":79,"column":5}},"34":{"start":{"line":76,"column":6},"end":{"line":78,"column":61}},"35":{"start":{"line":80,"column":4},"end":{"line":84,"column":5}},"36":{"start":{"line":81,"column":6},"end":{"line":83,"column":64}},"37":{"start":{"line":86,"column":18},"end":{"line":86,"column":69}},"38":{"start":{"line":87,"column":4},"end":{"line":91,"column":5}},"39":{"start":{"line":88,"column":6},"end":{"line":90,"column":9}},"40":{"start":{"line":92,"column":17},"end":{"line":92,"column":56}},"41":{"start":{"line":93,"column":4},"end":{"line":93,"column":26}},"42":{"start":{"line":94,"column":4},"end":{"line":94,"column":22}},"43":{"start":{"line":95,"column":4},"end":{"line":95,"column":70}},"44":{"start":{"line":97,"column":4},"end":{"line":97,"column":65}},"45":{"start":{"line":98,"column":4},"end":{"line":98,"column":21}},"46":{"start":{"line":102,"column":24},"end":{"line":104,"column":1}},"47":{"start":{"line":103,"column":2},"end":{"line":103,"column":18}},"48":{"start":{"line":106,"column":19},"end":{"line":123,"column":1}},"49":{"start":{"line":107,"column":2},"end":{"line":122,"column":3}},"50":{"start":{"line":108,"column":33},"end":{"line":108,"column":42}},"51":{"start":{"line":109,"column":4},"end":{"line":111,"column":6}},"52":{"start":{"line":112,"column":4},"end":{"line":117,"column":5}},"53":{"start":{"line":113,"column":6},"end":{"line":116,"column":8}},"54":{"start":{"line":118,"column":4},"end":{"line":118,"column":28}},"55":{"start":{"line":119,"column":4},"end":{"line":119,"column":11}},"56":{"start":{"line":121,"column":4},"end":{"line":121,"column":14}},"57":{"start":{"line":125,"column":15},"end":{"line":135,"column":1}},"58":{"start":{"line":126,"column":2},"end":{"line":134,"column":3}},"59":{"start":{"line":127,"column":4},"end":{"line":130,"column":5}},"60":{"start":{"line":128,"column":6},"end":{"line":128,"column":25}},"61":{"start":{"line":129,"column":6},"end":{"line":129,"column":24}},"62":{"start":{"line":131,"column":4},"end":{"line":131,"column":59}},"63":{"start":{"line":133,"column":4},"end":{"line":133,"column":14}}},"fnMap":{"0":{"name":"(anonymous_0)","decl":{"start":{"line":5,"column":21},"end":{"line":5,"column":22}},"loc":{"start":{"line":5,"column":47},"end":{"line":47,"column":1}},"line":5},"1":{"name":"(anonymous_1)","decl":{"start":{"line":28,"column":8},"end":{"line":28,"column":9}},"loc":{"start":{"line":28,"column":24},"end":{"line":38,"column":9}},"line":28},"2":{"name":"(anonymous_2)","decl":{"start":{"line":49,"column":20},"end":{"line":49,"column":21}},"loc":{"start":{"line":49,"column":46},"end":{"line":65,"column":1}},"line":49},"3":{"name":"(anonymous_3)","decl":{"start":{"line":54,"column":48},"end":{"line":54,"column":49}},"loc":{"start":{"line":54,"column":66},"end":{"line":64,"column":3}},"line":54},"4":{"name":"(anonymous_4)","decl":{"start":{"line":67,"column":15},"end":{"line":67,"column":16}},"loc":{"start":{"line":67,"column":35},"end":{"line":100,"column":1}},"line":67},"5":{"name":"(anonymous_5)","decl":{"start":{"line":102,"column":24},"end":{"line":102,"column":25}},"loc":{"start":{"line":102,"column":44},"end":{"line":104,"column":1}},"line":102},"6":{"name":"(anonymous_6)","decl":{"start":{"line":106,"column":19},"end":{"line":106,"column":20}},"loc":{"start":{"line":106,"column":51},"end":{"line":123,"column":1}},"line":106},"7":{"name":"(anonymous_7)","decl":{"start":{"line":125,"column":15},"end":{"line":125,"column":16}},"loc":{"start":{"line":125,"column":41},"end":{"line":135,"column":1}},"line":125}},"branchMap":{"0":{"loc":{"start":{"line":8,"column":4},"end":{"line":12,"column":5}},"type":"if","locations":[{"start":{"line":8,"column":4},"end":{"line":12,"column":5}},{"start":{},"end":{}}],"line":8},"1":{"loc":{"start":{"line":13,"column":4},"end":{"line":17,"column":5}},"type":"if","locations":[{"start":{"line":13,"column":4},"end":{"line":17,"column":5}},{"start":{},"end":{}}],"line":13},"2":{"loc":{"start":{"line":22,"column":4},"end":{"line":45,"column":5}},"type":"if","locations":[{"start":{"line":22,"column":4},"end":{"line":45,"column":5}},{"start":{"line":40,"column":11},"end":{"line":45,"column":5}}],"line":22},"3":{"loc":{"start":{"line":29,"column":10},"end":{"line":37,"column":11}},"type":"if","locations":[{"start":{"line":29,"column":10},"end":{"line":37,"column":11}},{"start":{"line":32,"column":17},"end":{"line":37,"column":11}}],"line":29},"4":{"loc":{"start":{"line":51,"column":2},"end":{"line":53,"column":3}},"type":"if","locations":[{"start":{"line":51,"column":2},"end":{"line":53,"column":3}},{"start":{},"end":{}}],"line":51},"5":{"loc":{"start":{"line":55,"column":4},"end":{"line":63,"column":5}},"type":"if","locations":[{"start":{"line":55,"column":4},"end":{"line":63,"column":5}},{"start":{"line":58,"column":11},"end":{"line":63,"column":5}}],"line":55},"6":{"loc":{"start":{"line":70,"column":4},"end":{"line":74,"column":5}},"type":"if","locations":[{"start":{"line":70,"column":4},"end":{"line":74,"column":5}},{"start":{},"end":{}}],"line":70},"7":{"loc":{"start":{"line":75,"column":4},"end":{"line":79,"column":5}},"type":"if","locations":[{"start":{"line":75,"column":4},"end":{"line":79,"column":5}},{"start":{},"end":{}}],"line":75},"8":{"loc":{"start":{"line":80,"column":4},"end":{"line":84,"column":5}},"type":"if","locations":[{"start":{"line":80,"column":4},"end":{"line":84,"column":5}},{"start":{},"end":{}}],"line":80},"9":{"loc":{"start":{"line":87,"column":4},"end":{"line":91,"column":5}},"type":"if","locations":[{"start":{"line":87,"column":4},"end":{"line":91,"column":5}},{"start":{},"end":{}}],"line":87},"10":{"loc":{"start":{"line":108,"column":12},"end":{"line":108,"column":22}},"type":"default-arg","locations":[{"start":{"line":108,"column":20},"end":{"line":108,"column":22}}],"line":108},"11":{"loc":{"start":{"line":112,"column":4},"end":{"line":117,"column":5}},"type":"if","locations":[{"start":{"line":112,"column":4},"end":{"line":117,"column":5}},{"start":{},"end":{}}],"line":112},"12":{"loc":{"start":{"line":127,"column":4},"end":{"line":130,"column":5}},"type":"if","locations":[{"start":{"line":127,"column":4},"end":{"line":130,"column":5}},{"start":{},"end":{}}],"line":127}},"s":{"0":1,"1":2,"2":2,"3":2,"4":1,"5":1,"6":1,"7":0,"8":0,"9":0,"10":0,"11":0,"12":0,"13":0,"14":0,"15":0,"16":0,"17":0,"18":1,"19":0,"20":0,"21":0,"22":0,"23":0,"24":0,"25":0,"26":0,"27":0,"28":1,"29":5,"30":5,"31":5,"32":2,"33":3,"34":1,"35":2,"36":1,"37":1,"38":1,"39":0,"40":1,"41":1,"42":1,"43":1,"44":0,"45":0,"46":1,"47":0,"48":1,"49":0,"50":0,"51":0,"52":0,"53":0,"54":0,"55":0,"56":0,"57":1,"58":0,"59":0,"60":0,"61":0,"62":0,"63":0},"f":{"0":2,"1":0,"2":0,"3":0,"4":5,"5":0,"6":0,"7":0},"b":{"0":[1,1],"1":[1,0],"2":[0,0],"3":[0,0],"4":[0,0],"5":[0,0],"6":[2,3],"7":[1,2],"8":[1,1],"9":[0,1],"10":[0],"11":[0,0],"12":[0,0]},"_coverageSchema":"1a1c01bbd47fc00a2c39e90264f33305004495a9","hash":"b2ac87019bef52165f81717f23d2cfccaf18fed4"}
,"C:\\projects\\node\\todo-app\\src\\middleware\\authorisation.js": {"path":"C:\\projects\\node\\todo-app\\src\\middleware\\authorisation.js","statementMap":{"0":{"start":{"line":5,"column":22},"end":{"line":27,"column":1}},"1":{"start":{"line":6,"column":2},"end":{"line":26,"column":3}},"2":{"start":{"line":7,"column":23},"end":{"line":7,"column":33}},"3":{"start":{"line":8,"column":17},"end":{"line":8,"column":53}},"4":{"start":{"line":9,"column":4},"end":{"line":11,"column":5}},"5":{"start":{"line":10,"column":6},"end":{"line":10,"column":71}},"6":{"start":{"line":12,"column":4},"end":{"line":23,"column":5}},"7":{"start":{"line":13,"column":6},"end":{"line":22,"column":7}},"8":{"start":{"line":14,"column":8},"end":{"line":14,"column":15}},"9":{"start":{"line":16,"column":8},"end":{"line":16,"column":66}},"10":{"start":{"line":17,"column":8},"end":{"line":21,"column":10}},"11":{"start":{"line":25,"column":4},"end":{"line":25,"column":14}},"12":{"start":{"line":29,"column":22},"end":{"line":51,"column":1}},"13":{"start":{"line":30,"column":2},"end":{"line":50,"column":3}},"14":{"start":{"line":31,"column":23},"end":{"line":31,"column":33}},"15":{"start":{"line":32,"column":17},"end":{"line":32,"column":53}},"16":{"start":{"line":33,"column":4},"end":{"line":35,"column":5}},"17":{"start":{"line":34,"column":6},"end":{"line":34,"column":71}},"18":{"start":{"line":36,"column":4},"end":{"line":47,"column":5}},"19":{"start":{"line":37,"column":6},"end":{"line":46,"column":7}},"20":{"start":{"line":38,"column":8},"end":{"line":38,"column":15}},"21":{"start":{"line":40,"column":8},"end":{"line":40,"column":66}},"22":{"start":{"line":41,"column":8},"end":{"line":45,"column":10}},"23":{"start":{"line":49,"column":4},"end":{"line":49,"column":14}}},"fnMap":{"0":{"name":"(anonymous_0)","decl":{"start":{"line":5,"column":22},"end":{"line":5,"column":23}},"loc":{"start":{"line":5,"column":48},"end":{"line":27,"column":1}},"line":5},"1":{"name":"(anonymous_1)","decl":{"start":{"line":29,"column":22},"end":{"line":29,"column":23}},"loc":{"start":{"line":29,"column":48},"end":{"line":51,"column":1}},"line":29}},"branchMap":{"0":{"loc":{"start":{"line":9,"column":4},"end":{"line":11,"column":5}},"type":"if","locations":[{"start":{"line":9,"column":4},"end":{"line":11,"column":5}},{"start":{},"end":{}}],"line":9},"1":{"loc":{"start":{"line":12,"column":4},"end":{"line":23,"column":5}},"type":"if","locations":[{"start":{"line":12,"column":4},"end":{"line":23,"column":5}},{"start":{},"end":{}}],"line":12},"2":{"loc":{"start":{"line":13,"column":6},"end":{"line":22,"column":7}},"type":"if","locations":[{"start":{"line":13,"column":6},"end":{"line":22,"column":7}},{"start":{"line":15,"column":13},"end":{"line":22,"column":7}}],"line":13},"3":{"loc":{"start":{"line":33,"column":4},"end":{"line":35,"column":5}},"type":"if","locations":[{"start":{"line":33,"column":4},"end":{"line":35,"column":5}},{"start":{},"end":{}}],"line":33},"4":{"loc":{"start":{"line":36,"column":4},"end":{"line":47,"column":5}},"type":"if","locations":[{"start":{"line":36,"column":4},"end":{"line":47,"column":5}},{"start":{},"end":{}}],"line":36},"5":{"loc":{"start":{"line":37,"column":6},"end":{"line":46,"column":7}},"type":"if","locations":[{"start":{"line":37,"column":6},"end":{"line":46,"column":7}},{"start":{"line":39,"column":13},"end":{"line":46,"column":7}}],"line":37}},"s":{"0":1,"1":0,"2":0,"3":0,"4":0,"5":0,"6":0,"7":0,"8":0,"9":0,"10":0,"11":0,"12":1,"13":0,"14":0,"15":0,"16":0,"17":0,"18":0,"19":0,"20":0,"21":0,"22":0,"23":0},"f":{"0":0,"1":0},"b":{"0":[0,0],"1":[0,0],"2":[0,0],"3":[0,0],"4":[0,0],"5":[0,0]},"_coverageSchema":"1a1c01bbd47fc00a2c39e90264f33305004495a9","hash":"16b74321dc9d3daf550ef6380037bf5c9aaf45a7"}
,"C:\\projects\\node\\todo-app\\src\\models\\comment.js": {"path":"C:\\projects\\node\\todo-app\\src\\models\\comment.js","statementMap":{"0":{"start":{"line":3,"column":15},"end":{"line":3,"column":30}},"1":{"start":{"line":5,"column":22},"end":{"line":11,"column":2}},"2":{"start":{"line":13,"column":16},"end":{"line":13,"column":61}}},"fnMap":{},"branchMap":{},"s":{"0":1,"1":1,"2":1},"f":{},"b":{},"_coverageSchema":"1a1c01bbd47fc00a2c39e90264f33305004495a9","hash":"d449b4dc2f59bc311b4db19aeacfa590d9f3517e"}
,"C:\\projects\\node\\todo-app\\src\\models\\post.js": {"path":"C:\\projects\\node\\todo-app\\src\\models\\post.js","statementMap":{"0":{"start":{"line":4,"column":15},"end":{"line":4,"column":30}},"1":{"start":{"line":6,"column":19},"end":{"line":14,"column":2}},"2":{"start":{"line":16,"column":14},"end":{"line":16,"column":53}}},"fnMap":{},"branchMap":{},"s":{"0":1,"1":1,"2":1},"f":{},"b":{},"_coverageSchema":"1a1c01bbd47fc00a2c39e90264f33305004495a9","hash":"b065ff55ec3eb731be5f250934d60843b23c5611"}
,"C:\\projects\\node\\todo-app\\src\\models\\todo.js": {"path":"C:\\projects\\node\\todo-app\\src\\models\\todo.js","statementMap":{"0":{"start":{"line":3,"column":15},"end":{"line":3,"column":30}},"1":{"start":{"line":5,"column":19},"end":{"line":11,"column":2}},"2":{"start":{"line":13,"column":14},"end":{"line":13,"column":53}}},"fnMap":{},"branchMap":{},"s":{"0":1,"1":1,"2":1},"f":{},"b":{},"_coverageSchema":"1a1c01bbd47fc00a2c39e90264f33305004495a9","hash":"2bc94e2b1fbc03aec41991b6adba7fab03350293"}
,"C:\\projects\\node\\todo-app\\src\\models\\user.js": {"path":"C:\\projects\\node\\todo-app\\src\\models\\user.js","statementMap":{"0":{"start":{"line":3,"column":15},"end":{"line":3,"column":30}},"1":{"start":{"line":5,"column":19},"end":{"line":10,"column":2}},"2":{"start":{"line":12,"column":13},"end":{"line":12,"column":51}}},"fnMap":{},"branchMap":{},"s":{"0":1,"1":1,"2":1},"f":{},"b":{},"_coverageSchema":"1a1c01bbd47fc00a2c39e90264f33305004495a9","hash":"95421ecaa5aa65fcbab1a838fe8d8f26a3e6f879"}
,"C:\\projects\\node\\todo-app\\src\\routes\\auth\\index.js": {"path":"C:\\projects\\node\\todo-app\\src\\routes\\auth\\index.js","statementMap":{"0":{"start":{"line":4,"column":15},"end":{"line":4,"column":31}},"1":{"start":{"line":6,"column":0},"end":{"line":6,"column":31}},"2":{"start":{"line":7,"column":0},"end":{"line":7,"column":36}},"3":{"start":{"line":8,"column":0},"end":{"line":8,"column":30}}},"fnMap":{},"branchMap":{},"s":{"0":1,"1":1,"2":1,"3":1},"f":{},"b":{},"_coverageSchema":"1a1c01bbd47fc00a2c39e90264f33305004495a9","hash":"c591314f2f8b82db9f2fa371fa03c3033f7b2256"}
,"C:\\projects\\node\\todo-app\\src\\routes\\posts\\postRoutes.js": {"path":"C:\\projects\\node\\todo-app\\src\\routes\\posts\\postRoutes.js","statementMap":{"0":{"start":{"line":13,"column":15},"end":{"line":13,"column":52}},"1":{"start":{"line":15,"column":0},"end":{"line":15,"column":29}},"2":{"start":{"line":16,"column":0},"end":{"line":16,"column":45}},"3":{"start":{"line":17,"column":0},"end":{"line":17,"column":53}},"4":{"start":{"line":18,"column":0},"end":{"line":18,"column":29}},"5":{"start":{"line":19,"column":0},"end":{"line":19,"column":26}},"6":{"start":{"line":20,"column":0},"end":{"line":20,"column":33}},"7":{"start":{"line":21,"column":0},"end":{"line":21,"column":53}},"8":{"start":{"line":22,"column":0},"end":{"line":22,"column":52}}},"fnMap":{},"branchMap":{},"s":{"0":1,"1":1,"2":1,"3":1,"4":1,"5":1,"6":1,"7":1,"8":1},"f":{},"b":{},"_coverageSchema":"1a1c01bbd47fc00a2c39e90264f33305004495a9","hash":"44553b0f9c3fb6856bcf893adcfa99da766120bd"}
,"C:\\projects\\node\\todo-app\\src\\routes\\todo\\todoRoutes.js": {"path":"C:\\projects\\node\\todo-app\\src\\routes\\todo\\todoRoutes.js","statementMap":{"0":{"start":{"line":11,"column":15},"end":{"line":11,"column":52}},"1":{"start":{"line":13,"column":0},"end":{"line":13,"column":29}},"2":{"start":{"line":14,"column":0},"end":{"line":14,"column":29}},"3":{"start":{"line":15,"column":0},"end":{"line":15,"column":38}},"4":{"start":{"line":16,"column":0},"end":{"line":16,"column":45}},"5":{"start":{"line":17,"column":0},"end":{"line":17,"column":53}},"6":{"start":{"line":18,"column":0},"end":{"line":18,"column":52}}},"fnMap":{},"branchMap":{},"s":{"0":1,"1":1,"2":1,"3":1,"4":1,"5":1,"6":1},"f":{},"b":{},"_coverageSchema":"1a1c01bbd47fc00a2c39e90264f33305004495a9","hash":"6d637d9a679c9f516d382eab137a12328386b952"}
,"C:\\projects\\node\\todo-app\\src\\routes\\user\\userRoutes.js": {"path":"C:\\projects\\node\\todo-app\\src\\routes\\user\\userRoutes.js","statementMap":{"0":{"start":{"line":6,"column":15},"end":{"line":6,"column":31}},"1":{"start":{"line":8,"column":0},"end":{"line":8,"column":28}},"2":{"start":{"line":11,"column":0},"end":{"line":26,"column":2}},"3":{"start":{"line":15,"column":4},"end":{"line":23,"column":5}},"4":{"start":{"line":16,"column":6},"end":{"line":16,"column":46}},"5":{"start":{"line":16,"column":32},"end":{"line":16,"column":46}},"6":{"start":{"line":17,"column":6},"end":{"line":19,"column":8}},"7":{"start":{"line":21,"column":6},"end":{"line":21,"column":23}},"8":{"start":{"line":22,"column":6},"end":{"line":22,"column":16}}},"fnMap":{"0":{"name":"(anonymous_0)","decl":{"start":{"line":14,"column":2},"end":{"line":14,"column":3}},"loc":{"start":{"line":14,"column":22},"end":{"line":24,"column":3}},"line":14}},"branchMap":{"0":{"loc":{"start":{"line":16,"column":6},"end":{"line":16,"column":46}},"type":"if","locations":[{"start":{"line":16,"column":6},"end":{"line":16,"column":46}},{"start":{},"end":{}}],"line":16}},"s":{"0":1,"1":1,"2":1,"3":0,"4":0,"5":0,"6":0,"7":0,"8":0},"f":{"0":0},"b":{"0":[0,0]},"_coverageSchema":"1a1c01bbd47fc00a2c39e90264f33305004495a9","hash":"7b950e38f47236b5e1c4732e893374fa635d9e1e"}
,"C:\\projects\\node\\todo-app\\src\\services\\postService.js": {"path":"C:\\projects\\node\\todo-app\\src\\services\\postService.js","statementMap":{"0":{"start":{"line":4,"column":26},"end":{"line":6,"column":1}},"1":{"start":{"line":5,"column":2},"end":{"line":5,"column":20}},"2":{"start":{"line":8,"column":26},"end":{"line":10,"column":1}},"3":{"start":{"line":9,"column":2},"end":{"line":9,"column":40}},"4":{"start":{"line":12,"column":26},"end":{"line":20,"column":1}},"5":{"start":{"line":13,"column":18},"end":{"line":15,"column":3}},"6":{"start":{"line":16,"column":20},"end":{"line":16,"column":35}},"7":{"start":{"line":17,"column":14},"end":{"line":17,"column":74}},"8":{"start":{"line":18,"column":2},"end":{"line":18,"column":23}},"9":{"start":{"line":19,"column":2},"end":{"line":19,"column":13}},"10":{"start":{"line":22,"column":33},"end":{"line":24,"column":1}},"11":{"start":{"line":23,"column":2},"end":{"line":23,"column":23}},"12":{"start":{"line":26,"column":35},"end":{"line":42,"column":1}},"13":{"start":{"line":27,"column":29},"end":{"line":37,"column":3}},"14":{"start":{"line":38,"column":15},"end":{"line":38,"column":55}},"15":{"start":{"line":40,"column":2},"end":{"line":40,"column":32}},"16":{"start":{"line":41,"column":2},"end":{"line":41,"column":14}}},"fnMap":{"0":{"name":"(anonymous_0)","decl":{"start":{"line":4,"column":26},"end":{"line":4,"column":27}},"loc":{"start":{"line":4,"column":48},"end":{"line":6,"column":1}},"line":4},"1":{"name":"(anonymous_1)","decl":{"start":{"line":8,"column":26},"end":{"line":8,"column":27}},"loc":{"start":{"line":8,"column":50},"end":{"line":10,"column":1}},"line":8},"2":{"name":"(anonymous_2)","decl":{"start":{"line":12,"column":26},"end":{"line":12,"column":27}},"loc":{"start":{"line":12,"column":56},"end":{"line":20,"column":1}},"line":12},"3":{"name":"(anonymous_3)","decl":{"start":{"line":22,"column":33},"end":{"line":22,"column":34}},"loc":{"start":{"line":22,"column":58},"end":{"line":24,"column":1}},"line":22},"4":{"name":"(anonymous_4)","decl":{"start":{"line":26,"column":35},"end":{"line":26,"column":36}},"loc":{"start":{"line":26,"column":59},"end":{"line":42,"column":1}},"line":26}},"branchMap":{},"s":{"0":1,"1":0,"2":1,"3":0,"4":1,"5":0,"6":0,"7":0,"8":0,"9":0,"10":1,"11":0,"12":1,"13":0,"14":0,"15":0,"16":0},"f":{"0":0,"1":0,"2":0,"3":0,"4":0},"b":{},"_coverageSchema":"1a1c01bbd47fc00a2c39e90264f33305004495a9","hash":"0f33362284400225c9fd77cacd0df2ddbc4afdd3"}
,"C:\\projects\\node\\todo-app\\src\\services\\todoServices.js": {"path":"C:\\projects\\node\\todo-app\\src\\services\\todoServices.js","statementMap":{"0":{"start":{"line":3,"column":26},"end":{"line":5,"column":1}},"1":{"start":{"line":4,"column":2},"end":{"line":4,"column":20}},"2":{"start":{"line":7,"column":26},"end":{"line":9,"column":1}},"3":{"start":{"line":8,"column":2},"end":{"line":8,"column":40}},"4":{"start":{"line":11,"column":26},"end":{"line":19,"column":1}},"5":{"start":{"line":12,"column":18},"end":{"line":14,"column":3}},"6":{"start":{"line":15,"column":20},"end":{"line":15,"column":35}},"7":{"start":{"line":16,"column":14},"end":{"line":16,"column":74}},"8":{"start":{"line":17,"column":2},"end":{"line":17,"column":23}},"9":{"start":{"line":18,"column":2},"end":{"line":18,"column":13}},"10":{"start":{"line":21,"column":24},"end":{"line":23,"column":1}},"11":{"start":{"line":22,"column":2},"end":{"line":22,"column":78}}},"fnMap":{"0":{"name":"(anonymous_0)","decl":{"start":{"line":3,"column":26},"end":{"line":3,"column":27}},"loc":{"start":{"line":3,"column":48},"end":{"line":5,"column":1}},"line":3},"1":{"name":"(anonymous_1)","decl":{"start":{"line":7,"column":26},"end":{"line":7,"column":27}},"loc":{"start":{"line":7,"column":50},"end":{"line":9,"column":1}},"line":7},"2":{"name":"(anonymous_2)","decl":{"start":{"line":11,"column":26},"end":{"line":11,"column":27}},"loc":{"start":{"line":11,"column":56},"end":{"line":19,"column":1}},"line":11},"3":{"name":"(anonymous_3)","decl":{"start":{"line":21,"column":24},"end":{"line":21,"column":25}},"loc":{"start":{"line":21,"column":66},"end":{"line":23,"column":1}},"line":21}},"branchMap":{},"s":{"0":1,"1":0,"2":1,"3":0,"4":1,"5":0,"6":0,"7":0,"8":0,"9":0,"10":1,"11":0},"f":{"0":0,"1":0,"2":0,"3":0},"b":{},"_coverageSchema":"1a1c01bbd47fc00a2c39e90264f33305004495a9","hash":"9f8ac634038ff08262f35e665027514585d03d18"}
,"C:\\projects\\node\\todo-app\\src\\services\\userServices.js": {"path":"C:\\projects\\node\\todo-app\\src\\services\\userServices.js","statementMap":{"0":{"start":{"line":3,"column":26},"end":{"line":5,"column":1}},"1":{"start":{"line":4,"column":2},"end":{"line":4,"column":20}}},"fnMap":{"0":{"name":"(anonymous_0)","decl":{"start":{"line":3,"column":26},"end":{"line":3,"column":27}},"loc":{"start":{"line":3,"column":48},"end":{"line":5,"column":1}},"line":3}},"branchMap":{},"s":{"0":1,"1":0},"f":{"0":0},"b":{},"_coverageSchema":"1a1c01bbd47fc00a2c39e90264f33305004495a9","hash":"61d58221c2219cd8ca90e66e7c8ee9e1f44dbc9f"}
}
