TN:
SF:app.js
FN:28,(anonymous_0)
FN:38,(anonymous_1)
FNF:2
FNH:1
FNDA:7,(anonymous_0)
FNDA:0,(anonymous_1)
DA:11,1
DA:12,1
DA:13,1
DA:15,1
DA:16,1
DA:17,1
DA:18,1
DA:25,1
DA:26,1
DA:27,1
DA:29,7
DA:30,7
DA:35,1
DA:36,1
DA:37,1
DA:38,1
DA:39,0
DA:40,0
DA:41,0
DA:43,0
LF:20
LH:16
BRDA:40,0,0,0
BRDA:40,0,1,0
BRF:2
BRH:0
end_of_record
TN:
SF:src\constants.js
FNF:0
FNH:0
DA:1,1
LF:1
LH:1
BRF:0
BRH:0
end_of_record
TN:
SF:src\controllers\post\postController.js
FN:12,(anonymous_0)
FN:35,(anonymous_1)
FN:58,(anonymous_2)
FN:69,(anonymous_3)
FN:81,(anonymous_4)
FN:108,(anonymous_5)
FNF:6
FNH:0
FNDA:0,(anonymous_0)
FNDA:0,(anonymous_1)
FNDA:0,(anonymous_2)
FNDA:0,(anonymous_3)
FNDA:0,(anonymous_4)
FNDA:0,(anonymous_5)
DA:12,1
DA:13,0
DA:14,0
DA:15,0
DA:16,0
DA:17,0
DA:18,0
DA:20,0
DA:21,0
DA:23,0
DA:24,0
DA:25,0
DA:26,0
DA:27,0
DA:28,0
DA:30,0
DA:31,0
DA:35,1
DA:36,0
DA:37,0
DA:38,0
DA:39,0
DA:40,0
DA:41,0
DA:42,0
DA:43,0
DA:45,0
DA:47,0
DA:48,0
DA:50,0
DA:51,0
DA:52,0
DA:54,0
DA:58,1
DA:59,0
DA:60,0
DA:61,0
DA:62,0
DA:63,0
DA:65,0
DA:69,1
DA:70,0
DA:71,0
DA:72,0
DA:73,0
DA:74,0
DA:75,0
DA:77,0
DA:81,1
DA:82,0
DA:83,0
DA:84,0
DA:85,0
DA:86,0
DA:87,0
DA:91,0
DA:92,0
DA:93,0
DA:95,0
DA:96,0
DA:97,0
DA:98,0
DA:99,0
DA:100,0
DA:101,0
DA:103,0
DA:104,0
DA:108,1
DA:109,0
DA:110,0
DA:111,0
DA:113,0
LF:72
LH:6
BRDA:17,0,0,0
BRDA:17,0,1,0
BRDA:20,1,0,0
BRDA:20,1,1,0
BRDA:42,2,0,0
BRDA:42,2,1,0
BRDA:47,3,0,0
BRDA:47,3,1,0
BRDA:86,4,0,0
BRDA:86,4,1,0
BRDA:92,5,0,0
BRDA:92,5,1,0
BRF:12
BRH:0
end_of_record
TN:
SF:src\controllers\todos\todosController.js
FN:10,(anonymous_0)
FN:26,(anonymous_1)
FN:55,(anonymous_2)
FN:65,(anonymous_3)
FNF:4
FNH:0
FNDA:0,(anonymous_0)
FNDA:0,(anonymous_1)
FNDA:0,(anonymous_2)
FNDA:0,(anonymous_3)
DA:10,1
DA:11,0
DA:12,0
DA:13,0
DA:14,0
DA:15,0
DA:16,0
DA:17,0
DA:18,0
DA:19,0
DA:21,0
DA:22,0
DA:26,1
DA:28,0
DA:29,0
DA:30,0
DA:31,0
DA:32,0
DA:33,0
DA:34,0
DA:35,0
DA:37,0
DA:39,0
DA:40,0
DA:42,0
DA:43,0
DA:46,0
DA:47,0
DA:48,0
DA:49,0
DA:51,0
DA:55,1
DA:56,0
DA:57,0
DA:58,0
DA:59,0
DA:61,0
DA:65,1
DA:66,0
DA:67,0
DA:68,0
DA:69,0
DA:70,0
DA:72,0
LF:44
LH:4
BRDA:34,0,0,0
BRDA:34,0,1,0
BRDA:39,1,0,0
BRDA:39,1,1,0
BRDA:42,2,0,0
BRDA:42,2,1,0
BRDA:47,3,0,0
BRDA:47,3,1,0
BRF:8
BRH:0
end_of_record
TN:
SF:src\controllers\user\userController.js
FN:5,(anonymous_0)
FNF:1
FNH:0
FNDA:0,(anonymous_0)
DA:5,1
DA:6,0
DA:7,0
DA:8,0
DA:9,0
DA:10,0
DA:11,0
DA:13,0
DA:14,0
LF:9
LH:1
BRF:0
BRH:0
end_of_record
TN:
SF:src\db\index.js
FN:8,(anonymous_0)
FN:9,(anonymous_1)
FN:14,(anonymous_2)
FN:15,(anonymous_3)
FN:18,(anonymous_4)
FN:20,(anonymous_5)
FNF:6
FNH:5
FNDA:1,(anonymous_0)
FNDA:1,(anonymous_1)
FNDA:1,(anonymous_2)
FNDA:0,(anonymous_3)
FNDA:1,(anonymous_4)
FNDA:4,(anonymous_5)
DA:2,1
DA:4,1
DA:8,1
DA:9,1
DA:10,1
DA:14,1
DA:15,1
DA:18,1
DA:19,1
DA:20,1
DA:21,4
DA:24,1
DA:27,1
LF:13
LH:13
BRDA:4,0,0,1
BRDA:4,0,1,0
BRF:2
BRH:1
end_of_record
TN:
SF:src\middleware\auth.js
FN:5,(anonymous_0)
FN:28,(anonymous_1)
FN:49,(anonymous_2)
FN:54,(anonymous_3)
FN:67,(anonymous_4)
FN:102,(anonymous_5)
FN:106,(anonymous_6)
FN:125,(anonymous_7)
FNF:8
FNH:2
FNDA:2,(anonymous_0)
FNDA:0,(anonymous_1)
FNDA:0,(anonymous_2)
FNDA:0,(anonymous_3)
FNDA:5,(anonymous_4)
FNDA:0,(anonymous_5)
FNDA:0,(anonymous_6)
FNDA:0,(anonymous_7)
DA:5,1
DA:6,2
DA:7,2
DA:8,2
DA:9,1
DA:13,1
DA:14,1
DA:18,0
DA:22,0
DA:23,0
DA:24,0
DA:29,0
DA:30,0
DA:31,0
DA:33,0
DA:36,0
DA:41,0
DA:44,0
DA:49,1
DA:50,0
DA:51,0
DA:52,0
DA:54,0
DA:55,0
DA:56,0
DA:57,0
DA:59,0
DA:60,0
DA:67,1
DA:68,5
DA:69,5
DA:70,5
DA:71,2
DA:75,3
DA:76,1
DA:80,2
DA:81,1
DA:86,1
DA:87,1
DA:88,0
DA:92,1
DA:93,1
DA:94,1
DA:95,1
DA:97,0
DA:98,0
DA:102,1
DA:103,0
DA:106,1
DA:107,0
DA:108,0
DA:109,0
DA:112,0
DA:113,0
DA:118,0
DA:119,0
DA:121,0
DA:125,1
DA:126,0
DA:127,0
DA:128,0
DA:129,0
DA:131,0
DA:133,0
LF:64
LH:26
BRDA:8,0,0,1
BRDA:8,0,1,1
BRDA:13,1,0,1
BRDA:13,1,1,0
BRDA:22,2,0,0
BRDA:22,2,1,0
BRDA:29,3,0,0
BRDA:29,3,1,0
BRDA:51,4,0,0
BRDA:51,4,1,0
BRDA:55,5,0,0
BRDA:55,5,1,0
BRDA:70,6,0,2
BRDA:70,6,1,3
BRDA:75,7,0,1
BRDA:75,7,1,2
BRDA:80,8,0,1
BRDA:80,8,1,1
BRDA:87,9,0,0
BRDA:87,9,1,1
BRDA:108,10,0,0
BRDA:112,11,0,0
BRDA:112,11,1,0
BRDA:127,12,0,0
BRDA:127,12,1,0
BRF:25
BRH:10
end_of_record
TN:
SF:src\middleware\authorisation.js
FN:5,(anonymous_0)
FN:29,(anonymous_1)
FNF:2
FNH:0
FNDA:0,(anonymous_0)
FNDA:0,(anonymous_1)
DA:5,1
DA:6,0
DA:7,0
DA:8,0
DA:9,0
DA:10,0
DA:12,0
DA:13,0
DA:14,0
DA:16,0
DA:17,0
DA:25,0
DA:29,1
DA:30,0
DA:31,0
DA:32,0
DA:33,0
DA:34,0
DA:36,0
DA:37,0
DA:38,0
DA:40,0
DA:41,0
DA:49,0
LF:24
LH:2
BRDA:9,0,0,0
BRDA:9,0,1,0
BRDA:12,1,0,0
BRDA:12,1,1,0
BRDA:13,2,0,0
BRDA:13,2,1,0
BRDA:33,3,0,0
BRDA:33,3,1,0
BRDA:36,4,0,0
BRDA:36,4,1,0
BRDA:37,5,0,0
BRDA:37,5,1,0
BRF:12
BRH:0
end_of_record
TN:
SF:src\models\comment.js
FNF:0
FNH:0
DA:3,1
DA:5,1
DA:13,1
LF:3
LH:3
BRF:0
BRH:0
end_of_record
TN:
SF:src\models\post.js
FNF:0
FNH:0
DA:4,1
DA:6,1
DA:16,1
LF:3
LH:3
BRF:0
BRH:0
end_of_record
TN:
SF:src\models\todo.js
FNF:0
FNH:0
DA:3,1
DA:5,1
DA:13,1
LF:3
LH:3
BRF:0
BRH:0
end_of_record
TN:
SF:src\models\user.js
FNF:0
FNH:0
DA:3,1
DA:5,1
DA:12,1
LF:3
LH:3
BRF:0
BRH:0
end_of_record
TN:
SF:src\routes\auth\index.js
FNF:0
FNH:0
DA:4,1
DA:6,1
DA:7,1
DA:8,1
LF:4
LH:4
BRF:0
BRH:0
end_of_record
TN:
SF:src\routes\posts\postRoutes.js
FNF:0
FNH:0
DA:13,1
DA:15,1
DA:16,1
DA:17,1
DA:18,1
DA:19,1
DA:20,1
DA:21,1
DA:22,1
LF:9
LH:9
BRF:0
BRH:0
end_of_record
TN:
SF:src\routes\todo\todoRoutes.js
FNF:0
FNH:0
DA:11,1
DA:13,1
DA:14,1
DA:15,1
DA:16,1
DA:17,1
DA:18,1
LF:7
LH:7
BRF:0
BRH:0
end_of_record
TN:
SF:src\routes\user\userRoutes.js
FN:14,(anonymous_0)
FNF:1
FNH:0
FNDA:0,(anonymous_0)
DA:6,1
DA:8,1
DA:11,1
DA:15,0
DA:16,0
DA:17,0
DA:21,0
DA:22,0
LF:8
LH:3
BRDA:16,0,0,0
BRDA:16,0,1,0
BRF:2
BRH:0
end_of_record
TN:
SF:src\services\postService.js
FN:4,(anonymous_0)
FN:8,(anonymous_1)
FN:12,(anonymous_2)
FN:22,(anonymous_3)
FN:26,(anonymous_4)
FNF:5
FNH:0
FNDA:0,(anonymous_0)
FNDA:0,(anonymous_1)
FNDA:0,(anonymous_2)
FNDA:0,(anonymous_3)
FNDA:0,(anonymous_4)
DA:4,1
DA:5,0
DA:8,1
DA:9,0
DA:12,1
DA:13,0
DA:16,0
DA:17,0
DA:18,0
DA:19,0
DA:22,1
DA:23,0
DA:26,1
DA:27,0
DA:38,0
DA:40,0
DA:41,0
LF:17
LH:5
BRF:0
BRH:0
end_of_record
TN:
SF:src\services\todoServices.js
FN:3,(anonymous_0)
FN:7,(anonymous_1)
FN:11,(anonymous_2)
FN:21,(anonymous_3)
FNF:4
FNH:0
FNDA:0,(anonymous_0)
FNDA:0,(anonymous_1)
FNDA:0,(anonymous_2)
FNDA:0,(anonymous_3)
DA:3,1
DA:4,0
DA:7,1
DA:8,0
DA:11,1
DA:12,0
DA:15,0
DA:16,0
DA:17,0
DA:18,0
DA:21,1
DA:22,0
LF:12
LH:4
BRF:0
BRH:0
end_of_record
TN:
SF:src\services\userServices.js
FN:3,(anonymous_0)
FNF:1
FNH:0
FNDA:0,(anonymous_0)
DA:3,1
DA:4,0
LF:2
LH:1
BRF:0
BRH:0
end_of_record
